<?xml version="1.0" encoding="UTF-8"?>
<!-- Generated by org.testng.reporters.JUnitXMLReporter -->
<testsuite ignored="0" hostname="DESKTOP-3LAS9CR" failures="1" tests="7" name="Default test" time="4.438" errors="0" timestamp="08 Jan 2019 03:33:52 GMT">
  <testcase classname="superTechPOMTest.STMainTest" name="GetTextTest" time="0.18"/>
  <testcase classname="superTechPOMTest.STMainTest" name="RadioButtontest" time="0.124"/>
  <testcase classname="superTechPOMTest.STMainTest" name="CheckBoxTest" time="0.108"/>
  <testcase classname="superTechPOMTest.STMainTest" name="DropDpwnTest" time="0.401"/>
  <testcase classname="superTechPOMTest.STMainTest" name="DoubleClickTest" time="0.204"/>
  <testcase classname="superTechPOMTest.STMainTest" name="SubMenutest" time="3.264"/>
  <testcase classname="superTechPOMTest.STMainTest" name="LinkTest" time="0.098">
    <failure type="java.lang.ClassCastException" message="java.base/sun.net.www.protocol.file.FileURLConnection cannot be cast to java.base/java.net.HttpURLConnection">
      <![CDATA[java.lang.ClassCastException: java.base/sun.net.www.protocol.file.FileURLConnection cannot be cast to java.base/java.net.HttpURLConnection
at superTechPOMPages.SuperTechMainPage.verifyActiveLinks(SuperTechMainPage.java:111)
at superTechPOMPages.SuperTechMainPage.linkCount(SuperTechMainPage.java:105)
at superTechPOMTest.STMainTest.LinkTest(STMainTest.java:46)
at java.base/jdk.internal.reflect.NativeMethodAccessorImpl.invoke0(Native Method)
at java.base/jdk.internal.reflect.NativeMethodAccessorImpl.invoke(Unknown Source)
at java.base/jdk.internal.reflect.DelegatingMethodAccessorImpl.invoke(Unknown Source)
at java.base/java.lang.reflect.Method.invoke(Unknown Source)
at org.testng.internal.MethodInvocationHelper.invokeMethod(MethodInvocationHelper.java:124)
at org.testng.internal.Invoker.invokeMethod(Invoker.java:580)
at org.testng.internal.Invoker.invokeTestMethod(Invoker.java:716)
at org.testng.internal.Invoker.invokeTestMethods(Invoker.java:988)
at org.testng.internal.TestMethodWorker.invokeTestMethods(TestMethodWorker.java:125)
at org.testng.internal.TestMethodWorker.run(TestMethodWorker.java:109)
at org.testng.TestRunner.privateRun(TestRunner.java:648)
at org.testng.TestRunner.run(TestRunner.java:505)
at org.testng.SuiteRunner.runTest(SuiteRunner.java:455)
at org.testng.SuiteRunner.runSequentially(SuiteRunner.java:450)
at org.testng.SuiteRunner.privateRun(SuiteRunner.java:415)
at org.testng.SuiteRunner.run(SuiteRunner.java:364)
at org.testng.SuiteRunnerWorker.runSuite(SuiteRunnerWorker.java:52)
at org.testng.SuiteRunnerWorker.run(SuiteRunnerWorker.java:84)
at org.testng.TestNG.runSuitesSequentially(TestNG.java:1208)
at org.testng.TestNG.runSuitesLocally(TestNG.java:1137)
at org.testng.TestNG.runSuites(TestNG.java:1049)
at org.testng.TestNG.run(TestNG.java:1017)
at org.testng.remote.AbstractRemoteTestNG.run(AbstractRemoteTestNG.java:114)
at org.testng.remote.RemoteTestNG.initAndRun(RemoteTestNG.java:251)
at org.testng.remote.RemoteTestNG.main(RemoteTestNG.java:77)
]]>
    </failure>
  </testcase> <!-- LinkTest -->
</testsuite> <!-- Default test -->
